d:\user\desktop\ikp_projekat_pubsub\publisher\x64\debug\vc142.pdb
d:\user\desktop\ikp_projekat_pubsub\publisher\x64\debug\vc142.idb
d:\user\desktop\ikp_projekat_pubsub\publisher\x64\debug\publisher.obj
d:\fakultet\4. godina\ikp\ikp_projekat_pubsub\publisher\x64\debug\vc143.pdb
d:\fakultet\4. godina\ikp\ikp_projekat_pubsub\publisher\x64\debug\vc143.idb
d:\fakultet\4. godina\ikp\ikp_projekat_pubsub\publisher\x64\debug\publisher.obj
d:\user\desktop\ikp_projekat_pubsub\publisher\x64\debug\publisher.ilk
d:\user\desktop\ikp_projekat_pubsub\x64\debug\publisher.exe
d:\user\desktop\ikp_projekat_pubsub\x64\debug\publisher.pdb
d:\fakultet\4. godina\ikp\ikp_projekat_pubsub\publisher\x64\debug\publisher.ilk
d:\fakultet\4. godina\ikp\ikp_projekat_pubsub\x64\debug\publisher.exe
d:\fakultet\4. godina\ikp\ikp_projekat_pubsub\x64\debug\publisher.pdb
d:\fakultet\4. godina\ikp\ikp_projekat_pubsub\publisher\x64\debug\vc142.idb
d:\fakultet\4. godina\ikp\ikp_projekat_pubsub\publisher\x64\debug\vc142.pdb
d:\fakultet\4. godina\ikp\ikp_projekat_pubsub\publisher\x64\debug\publisher.tlog\cl.command.1.tlog
d:\fakultet\4. godina\ikp\ikp_projekat_pubsub\publisher\x64\debug\publisher.tlog\cl.items.tlog
d:\fakultet\4. godina\ikp\ikp_projekat_pubsub\publisher\x64\debug\publisher.tlog\cl.read.1.tlog
d:\fakultet\4. godina\ikp\ikp_projekat_pubsub\publisher\x64\debug\publisher.tlog\cl.write.1.tlog
d:\fakultet\4. godina\ikp\ikp_projekat_pubsub\publisher\x64\debug\publisher.tlog\link.command.1.tlog
d:\fakultet\4. godina\ikp\ikp_projekat_pubsub\publisher\x64\debug\publisher.tlog\link.read.1.tlog
d:\fakultet\4. godina\ikp\ikp_projekat_pubsub\publisher\x64\debug\publisher.tlog\link.write.1.tlog
