d:\user\desktop\ikp_projekat_pubsub\server2\x64\debug\vc142.pdb
d:\user\desktop\ikp_projekat_pubsub\server2\x64\debug\vc142.idb
d:\user\desktop\ikp_projekat_pubsub\server2\x64\debug\server2.obj
d:\fakultet\4. godina\ikp\ikp_projekat_pubsub\server2\x64\debug\vc143.pdb
d:\fakultet\4. godina\ikp\ikp_projekat_pubsub\server2\x64\debug\vc143.idb
d:\fakultet\4. godina\ikp\ikp_projekat_pubsub\server2\x64\debug\server2.obj
d:\user\desktop\ikp_projekat_pubsub\server2\x64\debug\server2.ilk
d:\user\desktop\ikp_projekat_pubsub\x64\debug\server2.exe
d:\user\desktop\ikp_projekat_pubsub\x64\debug\server2.pdb
d:\fakultet\4. godina\ikp\ikp_projekat_pubsub\server2\x64\debug\server2.ilk
d:\fakultet\4. godina\ikp\ikp_projekat_pubsub\x64\debug\server2.exe
d:\fakultet\4. godina\ikp\ikp_projekat_pubsub\x64\debug\server2.pdb
d:\fakultet\4. godina\ikp\ikp_projekat_pubsub\server2\x64\debug\vc142.idb
d:\fakultet\4. godina\ikp\ikp_projekat_pubsub\server2\x64\debug\vc142.pdb
d:\fakultet\4. godina\ikp\ikp_projekat_pubsub\server2\x64\debug\server2.tlog\cl.command.1.tlog
d:\fakultet\4. godina\ikp\ikp_projekat_pubsub\server2\x64\debug\server2.tlog\cl.items.tlog
d:\fakultet\4. godina\ikp\ikp_projekat_pubsub\server2\x64\debug\server2.tlog\cl.read.1.tlog
d:\fakultet\4. godina\ikp\ikp_projekat_pubsub\server2\x64\debug\server2.tlog\cl.write.1.tlog
d:\fakultet\4. godina\ikp\ikp_projekat_pubsub\server2\x64\debug\server2.tlog\link.command.1.tlog
d:\fakultet\4. godina\ikp\ikp_projekat_pubsub\server2\x64\debug\server2.tlog\link.read.1.tlog
d:\fakultet\4. godina\ikp\ikp_projekat_pubsub\server2\x64\debug\server2.tlog\link.write.1.tlog
