d:\user\desktop\ikp_projekat_pubsub\server\x64\debug\vc142.pdb
d:\user\desktop\ikp_projekat_pubsub\server\x64\debug\vc142.idb
d:\user\desktop\ikp_projekat_pubsub\server\x64\debug\server.obj
d:\fakultet\4. godina\ikp\ikp_projekat_pubsub\server\x64\debug\vc143.pdb
d:\fakultet\4. godina\ikp\ikp_projekat_pubsub\server\x64\debug\vc143.idb
d:\fakultet\4. godina\ikp\ikp_projekat_pubsub\server\x64\debug\server.obj
d:\user\desktop\ikp_projekat_pubsub\server\x64\debug\server.ilk
d:\user\desktop\ikp_projekat_pubsub\x64\debug\server.exe
d:\user\desktop\ikp_projekat_pubsub\x64\debug\server.pdb
d:\fakultet\4. godina\ikp\ikp_projekat_pubsub\server\x64\debug\server.ilk
d:\fakultet\4. godina\ikp\ikp_projekat_pubsub\x64\debug\server.exe
d:\fakultet\4. godina\ikp\ikp_projekat_pubsub\x64\debug\server.pdb
d:\fakultet\4. godina\ikp\ikp_projekat_pubsub\server\x64\debug\vc142.idb
d:\fakultet\4. godina\ikp\ikp_projekat_pubsub\server\x64\debug\vc142.pdb
d:\fakultet\4. godina\ikp\ikp_projekat_pubsub\server\x64\debug\server.tlog\cl.command.1.tlog
d:\fakultet\4. godina\ikp\ikp_projekat_pubsub\server\x64\debug\server.tlog\cl.items.tlog
d:\fakultet\4. godina\ikp\ikp_projekat_pubsub\server\x64\debug\server.tlog\cl.read.1.tlog
d:\fakultet\4. godina\ikp\ikp_projekat_pubsub\server\x64\debug\server.tlog\cl.write.1.tlog
d:\fakultet\4. godina\ikp\ikp_projekat_pubsub\server\x64\debug\server.tlog\link.command.1.tlog
d:\fakultet\4. godina\ikp\ikp_projekat_pubsub\server\x64\debug\server.tlog\link.read.1.tlog
d:\fakultet\4. godina\ikp\ikp_projekat_pubsub\server\x64\debug\server.tlog\link.write.1.tlog
